<?xml version="1.0" encoding="UTF-8"?>
<testng-results ignored="0" total="2" passed="2" failed="0" skipped="0">
  <reporter-output>
  </reporter-output>
  <suite started-at="2022-07-25T22:31:52 IST" name="Default suite" finished-at="2022-07-25T22:32:30 IST" duration-ms="37638">
    <groups>
    </groups>
    <test started-at="2022-07-25T22:31:52 IST" name="Default test" finished-at="2022-07-25T22:32:30 IST" duration-ms="37638">
      <class name="GoogleTest.TS001">
        <test-method is-config="true" signature="SETUP()[pri:0, instance:GoogleTest.TS001@1fdfafd2]" started-at="2022-07-25T22:31:52 IST" name="SETUP" finished-at="2022-07-25T22:31:57 IST" duration-ms="4984" status="PASS">
          <reporter-output>
          </reporter-output>
        </test-method> <!-- SETUP -->
        <test-method signature="Test1(java.lang.String)[pri:0, instance:GoogleTest.TS001@1fdfafd2]" started-at="2022-07-25T22:31:57 IST" name="Test1" data-provider="SearchData" finished-at="2022-07-25T22:32:12 IST" duration-ms="14885" status="PASS">
          <params>
            <param index="0">
              <value>
                <![CDATA[Selenium]]>
              </value>
            </param>
          </params>
          <reporter-output>
          </reporter-output>
        </test-method> <!-- Test1 -->
        <test-method signature="Test1(java.lang.String)[pri:0, instance:GoogleTest.TS001@1fdfafd2]" started-at="2022-07-25T22:32:12 IST" name="Test1" data-provider="SearchData" finished-at="2022-07-25T22:32:26 IST" duration-ms="13510" status="PASS">
          <params>
            <param index="0">
              <value>
                <![CDATA[TestNG]]>
              </value>
            </param>
          </params>
          <reporter-output>
          </reporter-output>
        </test-method> <!-- Test1 -->
        <test-method is-config="true" signature="tearDown()[pri:0, instance:GoogleTest.TS001@1fdfafd2]" started-at="2022-07-25T22:32:26 IST" name="tearDown" finished-at="2022-07-25T22:32:30 IST" duration-ms="4184" status="PASS">
          <reporter-output>
          </reporter-output>
        </test-method> <!-- tearDown -->
      </class> <!-- GoogleTest.TS001 -->
    </test> <!-- Default test -->
  </suite> <!-- Default suite -->
</testng-results>
