<?xml version="1.0" encoding="UTF-8"?>
<testng-results ignored="0" total="3" passed="3" failed="0" skipped="0">
  <reporter-output>
  </reporter-output>
  <suite started-at="2022-07-15T14:15:22 IST" name="Suite" finished-at="2022-07-15T14:16:11 IST" duration-ms="48840">
    <groups>
    </groups>
    <test started-at="2022-07-15T14:15:22 IST" name="Test1" finished-at="2022-07-15T14:15:58 IST" duration-ms="36750">
      <class name="GoogleTest.TS001">
        <test-method is-config="true" signature="SETUP()[pri:0, instance:GoogleTest.TS001@48075da3]" started-at="2022-07-15T14:15:22 IST" name="SETUP" finished-at="2022-07-15T14:15:27 IST" duration-ms="5692" status="PASS">
          <reporter-output>
          </reporter-output>
        </test-method> <!-- SETUP -->
        <test-method signature="Test1(java.lang.String)[pri:0, instance:GoogleTest.TS001@48075da3]" started-at="2022-07-15T14:15:27 IST" name="Test1" data-provider="SearchData" finished-at="2022-07-15T14:15:44 IST" duration-ms="16910" status="PASS">
          <params>
            <param index="0">
              <value>
                <![CDATA[Selenium]]>
              </value>
            </param>
          </params>
          <reporter-output>
          </reporter-output>
        </test-method> <!-- Test1 -->
        <test-method signature="Test1(java.lang.String)[pri:0, instance:GoogleTest.TS001@48075da3]" started-at="2022-07-15T14:15:44 IST" name="Test1" data-provider="SearchData" finished-at="2022-07-15T14:15:58 IST" duration-ms="13856" status="PASS">
          <params>
            <param index="0">
              <value>
                <![CDATA[TestNG]]>
              </value>
            </param>
          </params>
          <reporter-output>
          </reporter-output>
        </test-method> <!-- Test1 -->
        <test-method is-config="true" signature="tearDown()[pri:0, instance:GoogleTest.TS001@48075da3]" started-at="2022-07-15T14:15:58 IST" name="tearDown" finished-at="2022-07-15T14:15:58 IST" duration-ms="226" status="PASS">
          <reporter-output>
          </reporter-output>
        </test-method> <!-- tearDown -->
      </class> <!-- GoogleTest.TS001 -->
    </test> <!-- Test1 -->
    <test started-at="2022-07-15T14:15:59 IST" name="Test2" finished-at="2022-07-15T14:16:11 IST" duration-ms="11965">
      <class name="GoogleTest.TS002">
        <test-method is-config="true" signature="SETUP()[pri:0, instance:GoogleTest.TS002@61c4eee0]" started-at="2022-07-15T14:15:59 IST" name="SETUP" finished-at="2022-07-15T14:16:02 IST" duration-ms="3804" status="PASS">
          <reporter-output>
          </reporter-output>
        </test-method> <!-- SETUP -->
        <test-method signature="TitleTest()[pri:0, instance:GoogleTest.TS002@61c4eee0]" started-at="2022-07-15T14:16:02 IST" name="TitleTest" finished-at="2022-07-15T14:16:06 IST" duration-ms="4020" status="PASS">
          <reporter-output>
          </reporter-output>
        </test-method> <!-- TitleTest -->
        <test-method is-config="true" signature="tearDown()[pri:0, instance:GoogleTest.TS002@61c4eee0]" started-at="2022-07-15T14:16:06 IST" name="tearDown" finished-at="2022-07-15T14:16:11 IST" duration-ms="4137" status="PASS">
          <reporter-output>
          </reporter-output>
        </test-method> <!-- tearDown -->
      </class> <!-- GoogleTest.TS002 -->
    </test> <!-- Test2 -->
  </suite> <!-- Suite -->
</testng-results>
